export ECCO_OVERWRITEDATA=/work/n02/shared/mjmn02/ECCOv4/overwrite_data/std
export ECCO_SRUND="block:block"

# separate to ese extractin of suimmary from
#export ECCO_SBATCH=" --partition=standard --qos=short --time=0:20:0 --nodes=3 --tasks-per-node=120"

export ECCO_QOS="standard"
export ECCO_NODES=2
export ECCO_TASKS_PER_NODE=$((${MITGCM_NPES}/$ECCO_NODES))
export ECCO_EXE="mitgcmuv"

export ECCO_TIME="02:30:00"



Currently Loaded Modules:
  1) cce/11.0.4
  2) craype/2.7.6
  3) craype-x86-rome
  4) libfabric/1.11.0.4.71
  5) craype-network-ofi
  6) perftools-base/21.02.0
  7) xpmem/2.2.40-7.0.1.0_2.7__g1d7a24d.shasta
  8) cray-mpich/8.1.4
  9) cray-libsci/21.04.1.1
 10) bolt/0.7
 11) epcc-setup-env
 12) load-epcc-module
 13) PrgEnv-cray/8.0.0
 14) cray-hdf5-parallel/1.12.0.3
 15) cray-netcdf-hdf5parallel/4.7.4.3

 

Cray Fortran : Version 11.0.4
build included ftn -em -ef -dynamic -h pic -O3 -hfp3 -Oipa5 -c ecco_cost_final.f
expect -O3 -hfp3 -Oipa5
srun --distribution=block:block --hint=nomultithread mitgcmuv
 STOP NORMAL END
 STOP
 STOP NORMAL END
 STOP
 STOP NORMAL END
 STOP
 STOP NORMAL END
 STOP
 STOP NORMAL END
 STOP
 STOP NORMAL END
 STOP
 STOP NORMAL END
 STOP
 STOP NORMAL END
 STOP
 STOP NORMAL END
 STOP
 STOP NORMAL END
 STOP
 STOP NORMAL END
 STOP
 STOP NORMAL END
 STOP
 STOP NORMAL END
 STOP
 STOP NORMAL END
 STOP
 STOP NORMAL END
 STOP
 STOP NORMAL END
 STOP
 STOP NORMAL END
 STOP
 STOP NORMAL END
 STOP
 STOP NORMAL END
 STOP
 STOP NORMAL END
 STOP
 STOP NORMAL END
 STOP
 STOP NORMAL END
 STOP
 STOP NORMAL END
 STOP
 STOP NORMAL END
 STOP
 STOP NORMAL END
 STOP
 STOP NORMAL END
 STOP
 STOP NORMAL END
 STOP
 STOP NORMAL END
 STOP
 STOP NORMAL END
 STOP
 STOP NORMAL END
 STOP
 STOP NORMAL END
 STOP
 STOP NORMAL END
 STOP
 STOP NORMAL END
 STOP
 STOP NORMAL END
 STOP
 STOP NORMAL END
 STOP
 STOP NORMAL END
 STOP
 STOP NORMAL END
 STOP
 STOP NORMAL END
 STOP
 STOP NORMAL END
 STOP
 STOP NORMAL END
 STOP
 STOP NORMAL END
 STOP
 STOP NORMAL END
 STOP
 STOP NORMAL END
 STOP
 STOP NORMAL END
 STOP
 STOP NORMAL END
 STOP
 STOP NORMAL END
 STOP
 STOP NORMAL END
 STOP
 STOP NORMAL END
 STOP
 STOP NORMAL END
 STOP
 STOP NORMAL END
 STOP
 STOP NORMAL END
 STOP
 STOP NORMAL END
 STOP
 STOP NORMAL END
 STOP
 STOP NORMAL END
 STOP
 STOP NORMAL END
 STOP
 STOP NORMAL END
 STOP
 STOP NORMAL END
 STOP
 STOP NORMAL END
 STOP
 STOP NORMAL END
 STOP
 STOP NORMAL END
 STOP
 STOP NORMAL END
 STOP
 STOP NORMAL END
 STOP
 STOP NORMAL END
 STOP
 STOP NORMAL END
 STOP
 STOP NORMAL END
 STOP
 STOP NORMAL END
 STOP
 STOP NORMAL END
 STOP
 STOP NORMAL END
 STOP
 STOP NORMAL END
 STOP
 STOP NORMAL END
 STOP
 STOP NORMAL END
 STOP
 STOP NORMAL END
 STOP
 STOP NORMAL END
 STOP
 STOP NORMAL END
 STOP
 STOP NORMAL END
 STOP
 STOP NORMAL END
 STOP
 STOP NORMAL END
 STOP
 STOP NORMAL END
 STOP
 STOP NORMAL END
 STOP
 STOP NORMAL END
 STOP
 STOP NORMAL END
 STOP
 STOP NORMAL END
 STOP
 STOP NORMAL END
 STOP
 STOP NORMAL END
 STOP
 STOP NORMAL END
 STOP
 STOP NORMAL END
 STOP
 STOP NORMAL END
 STOP
 STOP NORMAL END
 STOP
 STOP NORMAL END
 STOP
 STOP NORMAL END
 STOP
 STOP NORMAL END
 STOP
 STOP NORMAL END
 STOP
 STOP NORMAL END
 STOP
 STOP NORMAL END
 STOP
 STOP NORMAL END
 STOP
 STOP NORMAL END
 STOP
 STOP NORMAL END
 STOP
 STOP NORMAL END
 STOP
 STOP NORMAL END
 STOP
 STOP NORMAL END
 STOP
 STOP NORMAL END
 STOP
 STOP NORMAL END
 STOP
 STOP NORMAL END
 STOP
 STOP NORMAL END
 STOP
 STOP NORMAL END
 STOP
 STOP NORMAL END
 STOP
 STOP NORMAL END
 STOP
 STOP NORMAL END
 STOP
 STOP NORMAL END
 STOP
 STOP NORMAL END
 STOP
 STOP NORMAL END
 STOP
 STOP NORMAL END
 STOP
 STOP NORMAL END
 STOP
 STOP NORMAL END
 STOP
 STOP NORMAL END
 STOP
 STOP NORMAL END
 STOP
 STOP NORMAL END
 STOP
 STOP NORMAL END
 STOP
 STOP NORMAL END
 STOP
 STOP NORMAL END
 STOP
 STOP NORMAL END
 STOP
 STOP NORMAL END
 STOP
 STOP NORMAL END
 STOP
 STOP NORMAL END
 STOP
 STOP NORMAL END
 STOP
 STOP NORMAL END
 STOP
 STOP NORMAL END
 STOP
 STOP NORMAL END
 STOP
 STOP NORMAL END
 STOP
 STOP NORMAL END
 STOP
 STOP NORMAL END
 STOP
 STOP NORMAL END
 STOP
 STOP NORMAL END
 STOP
 STOP NORMAL END
 STOP
 STOP NORMAL END
 STOP
 STOP NORMAL END
 STOP
 STOP NORMAL END
 STOP
 STOP NORMAL END
 STOP
 STOP NORMAL END
 STOP
 STOP NORMAL END
 STOP
 STOP NORMAL END
 STOP
 STOP NORMAL END
 STOP
 STOP NORMAL END
 STOP
 STOP NORMAL END
 STOP
 STOP NORMAL END
 STOP
 STOP NORMAL END
 STOP
 STOP NORMAL END
 STOP
 STOP NORMAL END
 STOP
 STOP NORMAL END
 STOP
 STOP NORMAL END
 STOP
 STOP NORMAL END
 STOP
 STOP NORMAL END
 STOP
 STOP NORMAL END
 STOP
 STOP NORMAL END
 STOP
 STOP NORMAL END
 STOP
 STOP NORMAL END
 STOP
 STOP NORMAL END
 STOP
 STOP NORMAL END
 STOP
 STOP NORMAL END
 STOP
 STOP NORMAL END
 STOP
 STOP NORMAL END
 STOP
 STOP NORMAL END
 STOP
 STOP NORMAL END
 STOP
 STOP NORMAL END
 STOP
 STOP NORMAL END
 STOP
 STOP NORMAL END
 STOP
 STOP NORMAL END
 STOP
 STOP NORMAL END
 STOP
 STOP NORMAL END
 STOP
 STOP NORMAL END
 STOP
 STOP NORMAL END
 STOP
 STOP NORMAL END
 STOP
 STOP NORMAL END
 STOP
 STOP NORMAL END
 STOP
 STOP NORMAL END
 STOP
 STOP NORMAL END
 STOP
 STOP NORMAL END
 STOP
 STOP NORMAL END
 STOP
 STOP NORMAL END
 STOP
 STOP NORMAL END
 STOP
 STOP NORMAL END
 STOP
 STOP NORMAL END
 STOP
 STOP NORMAL END
 STOP
 STOP NORMAL END
 STOP
 STOP NORMAL END
 STOP
 STOP NORMAL END
 STOP
 STOP NORMAL END
 STOP
 STOP NORMAL END
 STOP
 STOP NORMAL END
 STOP
 STOP NORMAL END
 STOP
 STOP NORMAL END
 STOP
 STOP NORMAL END
 STOP
Run-time seconds 2243
| 2022-05-17 15:45 | 1571762 | 2n_std_bb | 2 | standard | 256(x2) | 96(x2) | block:block | -O3 -hfp3 -Oipa5 | 2243 | ok |
xthi
srun: Job 1571762 step creation temporarily disabled, retrying (Requested nodes are busy)
srun: Step created for job 1571762
Node summary for    2 nodes:
Node    0, hostname nid004308, mpi  96, omp   1, executable xthi
Node    1, hostname nid004321, mpi  96, omp   1, executable xthi
MPI summary: 192 ranks 
Node    0, rank    0, thread   0, (affinity =    0) 
Node    0, rank    1, thread   0, (affinity =    1) 
Node    0, rank    2, thread   0, (affinity =    2) 
Node    0, rank    3, thread   0, (affinity =    3) 
Node    0, rank    4, thread   0, (affinity =    4) 
Node    0, rank    5, thread   0, (affinity =    5) 
Node    0, rank    6, thread   0, (affinity =    6) 
Node    0, rank    7, thread   0, (affinity =    7) 
Node    0, rank    8, thread   0, (affinity =    8) 
Node    0, rank    9, thread   0, (affinity =    9) 
Node    0, rank   10, thread   0, (affinity =   10) 
Node    0, rank   11, thread   0, (affinity =   11) 
Node    0, rank   12, thread   0, (affinity =   12) 
Node    0, rank   13, thread   0, (affinity =   13) 
Node    0, rank   14, thread   0, (affinity =   14) 
Node    0, rank   15, thread   0, (affinity =   15) 
Node    0, rank   16, thread   0, (affinity =   16) 
Node    0, rank   17, thread   0, (affinity =   17) 
Node    0, rank   18, thread   0, (affinity =   18) 
Node    0, rank   19, thread   0, (affinity =   19) 
Node    0, rank   20, thread   0, (affinity =   20) 
Node    0, rank   21, thread   0, (affinity =   21) 
Node    0, rank   22, thread   0, (affinity =   22) 
Node    0, rank   23, thread   0, (affinity =   23) 
Node    0, rank   24, thread   0, (affinity =   24) 
Node    0, rank   25, thread   0, (affinity =   25) 
Node    0, rank   26, thread   0, (affinity =   26) 
Node    0, rank   27, thread   0, (affinity =   27) 
Node    0, rank   28, thread   0, (affinity =   28) 
Node    0, rank   29, thread   0, (affinity =   29) 
Node    0, rank   30, thread   0, (affinity =   30) 
Node    0, rank   31, thread   0, (affinity =   31) 
Node    0, rank   32, thread   0, (affinity =   32) 
Node    0, rank   33, thread   0, (affinity =   33) 
Node    0, rank   34, thread   0, (affinity =   34) 
Node    0, rank   35, thread   0, (affinity =   35) 
Node    0, rank   36, thread   0, (affinity =   36) 
Node    0, rank   37, thread   0, (affinity =   37) 
Node    0, rank   38, thread   0, (affinity =   38) 
Node    0, rank   39, thread   0, (affinity =   39) 
Node    0, rank   40, thread   0, (affinity =   40) 
Node    0, rank   41, thread   0, (affinity =   41) 
Node    0, rank   42, thread   0, (affinity =   42) 
Node    0, rank   43, thread   0, (affinity =   43) 
Node    0, rank   44, thread   0, (affinity =   44) 
Node    0, rank   45, thread   0, (affinity =   45) 
Node    0, rank   46, thread   0, (affinity =   46) 
Node    0, rank   47, thread   0, (affinity =   47) 
Node    0, rank   48, thread   0, (affinity =   48) 
Node    0, rank   49, thread   0, (affinity =   49) 
Node    0, rank   50, thread   0, (affinity =   50) 
Node    0, rank   51, thread   0, (affinity =   51) 
Node    0, rank   52, thread   0, (affinity =   52) 
Node    0, rank   53, thread   0, (affinity =   53) 
Node    0, rank   54, thread   0, (affinity =   54) 
Node    0, rank   55, thread   0, (affinity =   55) 
Node    0, rank   56, thread   0, (affinity =   56) 
Node    0, rank   57, thread   0, (affinity =   57) 
Node    0, rank   58, thread   0, (affinity =   58) 
Node    0, rank   59, thread   0, (affinity =   59) 
Node    0, rank   60, thread   0, (affinity =   60) 
Node    0, rank   61, thread   0, (affinity =   61) 
Node    0, rank   62, thread   0, (affinity =   62) 
Node    0, rank   63, thread   0, (affinity =   63) 
Node    0, rank   64, thread   0, (affinity =   64) 
Node    0, rank   65, thread   0, (affinity =   65) 
Node    0, rank   66, thread   0, (affinity =   66) 
Node    0, rank   67, thread   0, (affinity =   67) 
Node    0, rank   68, thread   0, (affinity =   68) 
Node    0, rank   69, thread   0, (affinity =   69) 
Node    0, rank   70, thread   0, (affinity =   70) 
Node    0, rank   71, thread   0, (affinity =   71) 
Node    0, rank   72, thread   0, (affinity =   72) 
Node    0, rank   73, thread   0, (affinity =   73) 
Node    0, rank   74, thread   0, (affinity =   74) 
Node    0, rank   75, thread   0, (affinity =   75) 
Node    0, rank   76, thread   0, (affinity =   76) 
Node    0, rank   77, thread   0, (affinity =   77) 
Node    0, rank   78, thread   0, (affinity =   78) 
Node    0, rank   79, thread   0, (affinity =   79) 
Node    0, rank   80, thread   0, (affinity =   80) 
Node    0, rank   81, thread   0, (affinity =   81) 
Node    0, rank   82, thread   0, (affinity =   82) 
Node    0, rank   83, thread   0, (affinity =   83) 
Node    0, rank   84, thread   0, (affinity =   84) 
Node    0, rank   85, thread   0, (affinity =   85) 
Node    0, rank   86, thread   0, (affinity =   86) 
Node    0, rank   87, thread   0, (affinity =   87) 
Node    0, rank   88, thread   0, (affinity =   88) 
Node    0, rank   89, thread   0, (affinity =   89) 
Node    0, rank   90, thread   0, (affinity =   90) 
Node    0, rank   91, thread   0, (affinity =   91) 
Node    0, rank   92, thread   0, (affinity =   92) 
Node    0, rank   93, thread   0, (affinity =   93) 
Node    0, rank   94, thread   0, (affinity =   94) 
Node    0, rank   95, thread   0, (affinity =   95) 
Node    1, rank   96, thread   0, (affinity =    0) 
Node    1, rank   97, thread   0, (affinity =    1) 
Node    1, rank   98, thread   0, (affinity =    2) 
Node    1, rank   99, thread   0, (affinity =    3) 
Node    1, rank  100, thread   0, (affinity =    4) 
Node    1, rank  101, thread   0, (affinity =    5) 
Node    1, rank  102, thread   0, (affinity =    6) 
Node    1, rank  103, thread   0, (affinity =    7) 
Node    1, rank  104, thread   0, (affinity =    8) 
Node    1, rank  105, thread   0, (affinity =    9) 
Node    1, rank  106, thread   0, (affinity =   10) 
Node    1, rank  107, thread   0, (affinity =   11) 
Node    1, rank  108, thread   0, (affinity =   12) 
Node    1, rank  109, thread   0, (affinity =   13) 
Node    1, rank  110, thread   0, (affinity =   14) 
Node    1, rank  111, thread   0, (affinity =   15) 
Node    1, rank  112, thread   0, (affinity =   16) 
Node    1, rank  113, thread   0, (affinity =   17) 
Node    1, rank  114, thread   0, (affinity =   18) 
Node    1, rank  115, thread   0, (affinity =   19) 
Node    1, rank  116, thread   0, (affinity =   20) 
Node    1, rank  117, thread   0, (affinity =   21) 
Node    1, rank  118, thread   0, (affinity =   22) 
Node    1, rank  119, thread   0, (affinity =   23) 
Node    1, rank  120, thread   0, (affinity =   24) 
Node    1, rank  121, thread   0, (affinity =   25) 
Node    1, rank  122, thread   0, (affinity =   26) 
Node    1, rank  123, thread   0, (affinity =   27) 
Node    1, rank  124, thread   0, (affinity =   28) 
Node    1, rank  125, thread   0, (affinity =   29) 
Node    1, rank  126, thread   0, (affinity =   30) 
Node    1, rank  127, thread   0, (affinity =   31) 
Node    1, rank  128, thread   0, (affinity =   32) 
Node    1, rank  129, thread   0, (affinity =   33) 
Node    1, rank  130, thread   0, (affinity =   34) 
Node    1, rank  131, thread   0, (affinity =   35) 
Node    1, rank  132, thread   0, (affinity =   36) 
Node    1, rank  133, thread   0, (affinity =   37) 
Node    1, rank  134, thread   0, (affinity =   38) 
Node    1, rank  135, thread   0, (affinity =   39) 
Node    1, rank  136, thread   0, (affinity =   40) 
Node    1, rank  137, thread   0, (affinity =   41) 
Node    1, rank  138, thread   0, (affinity =   42) 
Node    1, rank  139, thread   0, (affinity =   43) 
Node    1, rank  140, thread   0, (affinity =   44) 
Node    1, rank  141, thread   0, (affinity =   45) 
Node    1, rank  142, thread   0, (affinity =   46) 
Node    1, rank  143, thread   0, (affinity =   47) 
Node    1, rank  144, thread   0, (affinity =   48) 
Node    1, rank  145, thread   0, (affinity =   49) 
Node    1, rank  146, thread   0, (affinity =   50) 
Node    1, rank  147, thread   0, (affinity =   51) 
Node    1, rank  148, thread   0, (affinity =   52) 
Node    1, rank  149, thread   0, (affinity =   53) 
Node    1, rank  150, thread   0, (affinity =   54) 
Node    1, rank  151, thread   0, (affinity =   55) 
Node    1, rank  152, thread   0, (affinity =   56) 
Node    1, rank  153, thread   0, (affinity =   57) 
Node    1, rank  154, thread   0, (affinity =   58) 
Node    1, rank  155, thread   0, (affinity =   59) 
Node    1, rank  156, thread   0, (affinity =   60) 
Node    1, rank  157, thread   0, (affinity =   61) 
Node    1, rank  158, thread   0, (affinity =   62) 
Node    1, rank  159, thread   0, (affinity =   63) 
Node    1, rank  160, thread   0, (affinity =   64) 
Node    1, rank  161, thread   0, (affinity =   65) 
Node    1, rank  162, thread   0, (affinity =   66) 
Node    1, rank  163, thread   0, (affinity =   67) 
Node    1, rank  164, thread   0, (affinity =   68) 
Node    1, rank  165, thread   0, (affinity =   69) 
Node    1, rank  166, thread   0, (affinity =   70) 
Node    1, rank  167, thread   0, (affinity =   71) 
Node    1, rank  168, thread   0, (affinity =   72) 
Node    1, rank  169, thread   0, (affinity =   73) 
Node    1, rank  170, thread   0, (affinity =   74) 
Node    1, rank  171, thread   0, (affinity =   75) 
Node    1, rank  172, thread   0, (affinity =   76) 
Node    1, rank  173, thread   0, (affinity =   77) 
Node    1, rank  174, thread   0, (affinity =   78) 
Node    1, rank  175, thread   0, (affinity =   79) 
Node    1, rank  176, thread   0, (affinity =   80) 
Node    1, rank  177, thread   0, (affinity =   81) 
Node    1, rank  178, thread   0, (affinity =   82) 
Node    1, rank  179, thread   0, (affinity =   83) 
Node    1, rank  180, thread   0, (affinity =   84) 
Node    1, rank  181, thread   0, (affinity =   85) 
Node    1, rank  182, thread   0, (affinity =   86) 
Node    1, rank  183, thread   0, (affinity =   87) 
Node    1, rank  184, thread   0, (affinity =   88) 
Node    1, rank  185, thread   0, (affinity =   89) 
Node    1, rank  186, thread   0, (affinity =   90) 
Node    1, rank  187, thread   0, (affinity =   91) 
Node    1, rank  188, thread   0, (affinity =   92) 
Node    1, rank  189, thread   0, (affinity =   93) 
Node    1, rank  190, thread   0, (affinity =   94) 
Node    1, rank  191, thread   0, (affinity =   95) 
