export ECCO_OVERWRITEDATA=/work/n02/shared/mjmn02/ECCOv4/overwrite_data/std
export ECCO_SRUND="block:block"

export ECCO_QOS="standard"
export ECCO_NODES=3
export ECCO_TASKS_PER_NODE=$((${MITGCM_NPES}/$ECCO_NODES))
export ECCO_EXE="mitgcmuv"

export ECCO_TIME="02:30:00"



Currently Loaded Modules:
  1) cce/11.0.4
  2) craype/2.7.6
  3) craype-x86-rome
  4) libfabric/1.11.0.4.71
  5) craype-network-ofi
  6) perftools-base/21.02.0
  7) xpmem/2.2.40-7.0.1.0_2.7__g1d7a24d.shasta
  8) cray-mpich/8.1.4
  9) cray-libsci/21.04.1.1
 10) bolt/0.7
 11) epcc-setup-env
 12) load-epcc-module
 13) PrgEnv-cray/8.0.0
 14) cray-hdf5-parallel/1.12.0.3
 15) cray-netcdf-hdf5parallel/4.7.4.3

 

Cray Fortran : Version 11.0.4
srun --distribution=block:block --hint=nomultithread mitgcmuv
 STOP NORMAL END
 STOP
 STOP NORMAL END
 STOP
 STOP NORMAL END
 STOP
 STOP NORMAL END
 STOP
 STOP NORMAL END
 STOP
 STOP NORMAL END
 STOP
 STOP NORMAL END
 STOP
 STOP NORMAL END
 STOP
 STOP NORMAL END
 STOP
 STOP NORMAL END
 STOP
 STOP NORMAL END
 STOP
 STOP NORMAL END
 STOP
 STOP NORMAL END
 STOP
 STOP NORMAL END
 STOP
 STOP NORMAL END
 STOP
 STOP NORMAL END
 STOP
 STOP NORMAL END
 STOP
 STOP NORMAL END
 STOP
 STOP NORMAL END
 STOP
 STOP NORMAL END
 STOP
 STOP NORMAL END
 STOP
 STOP NORMAL END
 STOP
 STOP NORMAL END
 STOP
 STOP NORMAL END
 STOP
 STOP NORMAL END
 STOP
 STOP NORMAL END
 STOP
 STOP NORMAL END
 STOP
 STOP NORMAL END
 STOP
 STOP NORMAL END
 STOP
 STOP NORMAL END
 STOP
 STOP NORMAL END
 STOP
 STOP NORMAL END
 STOP
 STOP NORMAL END
 STOP
 STOP NORMAL END
 STOP
 STOP NORMAL END
 STOP
 STOP NORMAL END
 STOP
 STOP NORMAL END
 STOP
 STOP NORMAL END
 STOP
 STOP NORMAL END
 STOP
 STOP NORMAL END
 STOP
 STOP NORMAL END
 STOP
 STOP NORMAL END
 STOP
 STOP NORMAL END
 STOP
 STOP NORMAL END
 STOP
 STOP NORMAL END
 STOP
 STOP NORMAL END
 STOP
 STOP NORMAL END
 STOP
 STOP NORMAL END
 STOP
 STOP NORMAL END
 STOP
 STOP NORMAL END
 STOP
 STOP NORMAL END
 STOP
 STOP NORMAL END
 STOP
 STOP NORMAL END
 STOP
 STOP NORMAL END
 STOP
 STOP NORMAL END
 STOP
 STOP NORMAL END
 STOP
 STOP NORMAL END
 STOP
 STOP NORMAL END
 STOP
 STOP NORMAL END
 STOP
 STOP NORMAL END
 STOP
 STOP NORMAL END
 STOP
 STOP NORMAL END
 STOP
 STOP NORMAL END
 STOP
 STOP NORMAL END
 STOP
 STOP NORMAL END
 STOP
 STOP NORMAL END
 STOP
 STOP NORMAL END
 STOP
 STOP NORMAL END
 STOP
 STOP NORMAL END
 STOP
 STOP NORMAL END
 STOP
 STOP NORMAL END
 STOP
 STOP NORMAL END
 STOP
 STOP NORMAL END
 STOP
 STOP NORMAL END
 STOP
 STOP NORMAL END
 STOP
 STOP NORMAL END
 STOP
 STOP NORMAL END
 STOP
 STOP NORMAL END
 STOP
 STOP NORMAL END
 STOP
 STOP NORMAL END
 STOP
 STOP NORMAL END
 STOP
 STOP NORMAL END
 STOP
 STOP NORMAL END
 STOP
 STOP NORMAL END
 STOP
 STOP NORMAL END
 STOP
 STOP NORMAL END
 STOP
 STOP NORMAL END
 STOP
 STOP NORMAL END
 STOP
 STOP NORMAL END
 STOP
 STOP NORMAL END
 STOP
 STOP NORMAL END
 STOP
 STOP NORMAL END
 STOP
 STOP NORMAL END
 STOP
 STOP NORMAL END
 STOP
 STOP NORMAL END
 STOP
 STOP NORMAL END
 STOP
 STOP NORMAL END
 STOP
 STOP NORMAL END
 STOP
 STOP NORMAL END
 STOP
 STOP NORMAL END
 STOP
 STOP NORMAL END
 STOP
 STOP NORMAL END
 STOP
 STOP NORMAL END
 STOP
 STOP NORMAL END
 STOP
 STOP NORMAL END
 STOP
 STOP NORMAL END
 STOP
 STOP NORMAL END
 STOP
 STOP NORMAL END
 STOP
 STOP NORMAL END
 STOP
 STOP NORMAL END
 STOP
 STOP NORMAL END
 STOP
 STOP NORMAL END
 STOP
 STOP NORMAL END
 STOP
 STOP NORMAL END
 STOP
 STOP NORMAL END
 STOP
 STOP NORMAL END
 STOP
 STOP NORMAL END
 STOP
 STOP NORMAL END
 STOP
 STOP NORMAL END
 STOP
 STOP NORMAL END
 STOP
 STOP NORMAL END
 STOP
 STOP NORMAL END
 STOP
 STOP NORMAL END
 STOP
 STOP NORMAL END
 STOP
 STOP NORMAL END
 STOP
 STOP NORMAL END
 STOP
 STOP NORMAL END
 STOP
 STOP NORMAL END
 STOP
 STOP NORMAL END
 STOP
 STOP NORMAL END
 STOP
 STOP NORMAL END
 STOP
 STOP NORMAL END
 STOP
 STOP NORMAL END
 STOP
 STOP NORMAL END
 STOP
 STOP NORMAL END
 STOP
 STOP NORMAL END
 STOP
 STOP NORMAL END
 STOP
 STOP NORMAL END
 STOP
 STOP NORMAL END
 STOP
 STOP NORMAL END
 STOP
 STOP NORMAL END
 STOP
 STOP NORMAL END
 STOP
 STOP NORMAL END
 STOP
 STOP NORMAL END
 STOP
 STOP NORMAL END
 STOP
 STOP NORMAL END
 STOP
 STOP NORMAL END
 STOP
 STOP NORMAL END
 STOP
 STOP NORMAL END
 STOP
 STOP NORMAL END
 STOP
 STOP NORMAL END
 STOP
 STOP NORMAL END
 STOP
 STOP NORMAL END
 STOP
 STOP NORMAL END
 STOP
 STOP NORMAL END
 STOP
 STOP NORMAL END
 STOP
 STOP NORMAL END
 STOP
 STOP NORMAL END
 STOP
 STOP NORMAL END
 STOP
 STOP NORMAL END
 STOP
 STOP NORMAL END
 STOP
 STOP NORMAL END
 STOP
 STOP NORMAL END
 STOP
 STOP NORMAL END
 STOP
 STOP NORMAL END
 STOP
 STOP NORMAL END
 STOP
 STOP NORMAL END
 STOP
 STOP NORMAL END
 STOP
 STOP NORMAL END
 STOP
 STOP NORMAL END
 STOP
 STOP NORMAL END
 STOP
 STOP NORMAL END
 STOP
 STOP NORMAL END
 STOP
 STOP NORMAL END
 STOP
 STOP NORMAL END
 STOP
 STOP NORMAL END
 STOP
 STOP NORMAL END
 STOP
 STOP NORMAL END
 STOP
 STOP NORMAL END
 STOP
 STOP NORMAL END
 STOP
 STOP NORMAL END
 STOP
 STOP NORMAL END
 STOP
 STOP NORMAL END
 STOP
 STOP NORMAL END
 STOP
 STOP NORMAL END
 STOP
 STOP NORMAL END
 STOP
 STOP NORMAL END
 STOP
 STOP NORMAL END
 STOP
 STOP NORMAL END
 STOP
 STOP NORMAL END
 STOP
 STOP NORMAL END
 STOP
 STOP NORMAL END
 STOP
 STOP NORMAL END
 STOP
 STOP NORMAL END
 STOP
 STOP NORMAL END
 STOP
 STOP NORMAL END
 STOP
 STOP NORMAL END
 STOP
 STOP NORMAL END
 STOP
 STOP NORMAL END
 STOP
 STOP NORMAL END
 STOP
 STOP NORMAL END
 STOP
 STOP NORMAL END
 STOP
 STOP NORMAL END
 STOP
 STOP NORMAL END
 STOP
 STOP NORMAL END
 STOP
 STOP NORMAL END
 STOP
 STOP NORMAL END
 STOP
 STOP NORMAL END
 STOP
 STOP NORMAL END
 STOP
 STOP NORMAL END
 STOP
 STOP NORMAL END
 STOP
 STOP NORMAL END
 STOP
 STOP NORMAL END
 STOP
 STOP NORMAL END
 STOP
 STOP NORMAL END
 STOP
 STOP NORMAL END
 STOP
 STOP NORMAL END
 STOP
 STOP NORMAL END
 STOP
 STOP NORMAL END
 STOP
 STOP NORMAL END
 STOP
 STOP NORMAL END
 STOP
 STOP NORMAL END
 STOP
 STOP NORMAL END
 STOP
 STOP NORMAL END
 STOP
 STOP NORMAL END
 STOP
 STOP NORMAL END
 STOP
 STOP NORMAL END
 STOP
 STOP NORMAL END
 STOP
 STOP NORMAL END
 STOP
 STOP NORMAL END
 STOP
 STOP NORMAL END
 STOP
 STOP NORMAL END
 STOP
 STOP NORMAL END
 STOP
 STOP NORMAL END
 STOP
 STOP NORMAL END
 STOP
 STOP NORMAL END
 STOP
 STOP NORMAL END
 STOP
 STOP NORMAL END
 STOP
 STOP NORMAL END
 STOP
 STOP NORMAL END
 STOP
 STOP NORMAL END
 STOP
 STOP NORMAL END
 STOP
 STOP NORMAL END
 STOP
 STOP NORMAL END
 STOP
 STOP NORMAL END
 STOP
 STOP NORMAL END
 STOP
 STOP NORMAL END
 STOP
 STOP NORMAL END
 STOP
 STOP NORMAL END
 STOP
 STOP NORMAL END
 STOP
 STOP NORMAL END
 STOP
 STOP NORMAL END
 STOP
 STOP NORMAL END
 STOP
 STOP NORMAL END
 STOP
 STOP NORMAL END
 STOP
 STOP NORMAL END
 STOP
 STOP NORMAL END
 STOP
 STOP NORMAL END
 STOP
 STOP NORMAL END
 STOP
 STOP NORMAL END
 STOP
 STOP NORMAL END
 STOP
 STOP NORMAL END
 STOP
 STOP NORMAL END
 STOP
 STOP NORMAL END
 STOP
 STOP NORMAL END
 STOP
 STOP NORMAL END
 STOP
 STOP NORMAL END
 STOP
 STOP NORMAL END
 STOP
 STOP NORMAL END
 STOP
 STOP NORMAL END
 STOP
 STOP NORMAL END
 STOP
 STOP NORMAL END
 STOP
 STOP NORMAL END
 STOP
 STOP NORMAL END
 STOP
 STOP NORMAL END
 STOP
 STOP NORMAL END
 STOP
 STOP NORMAL END
 STOP
 STOP NORMAL END
 STOP
 STOP NORMAL END
 STOP
 STOP NORMAL END
 STOP
 STOP NORMAL END
 STOP
 STOP NORMAL END
 STOP
 STOP NORMAL END
 STOP
 STOP NORMAL END
 STOP
 STOP NORMAL END
 STOP
 STOP NORMAL END
 STOP
 STOP NORMAL END
 STOP
 STOP NORMAL END
 STOP
 STOP NORMAL END
 STOP
 STOP NORMAL END
 STOP
 STOP NORMAL END
 STOP
 STOP NORMAL END
 STOP
 STOP NORMAL END
 STOP
 STOP NORMAL END
 STOP
 STOP NORMAL END
 STOP
 STOP NORMAL END
 STOP
 STOP NORMAL END
 STOP
 STOP NORMAL END
 STOP
 STOP NORMAL END
 STOP
 STOP NORMAL END
 STOP
 STOP NORMAL END
 STOP
 STOP NORMAL END
 STOP
 STOP NORMAL END
 STOP
 STOP NORMAL END
 STOP
 STOP NORMAL END
 STOP
 STOP NORMAL END
 STOP
 STOP NORMAL END
 STOP
 STOP NORMAL END
 STOP
 STOP NORMAL END
 STOP
 STOP NORMAL END
 STOP
 STOP NORMAL END
 STOP
 STOP NORMAL END
 STOP
 STOP NORMAL END
 STOP
 STOP NORMAL END
 STOP
 STOP NORMAL END
 STOP
 STOP NORMAL END
 STOP
 STOP NORMAL END
 STOP
 STOP NORMAL END
 STOP
 STOP NORMAL END
 STOP
 STOP NORMAL END
 STOP
 STOP NORMAL END
 STOP
 STOP NORMAL END
 STOP
 STOP NORMAL END
 STOP
 STOP NORMAL END
 STOP
 STOP NORMAL END
 STOP
 STOP NORMAL END
 STOP
 STOP NORMAL END
 STOP
 STOP NORMAL END
 STOP
 STOP NORMAL END
 STOP
 STOP NORMAL END
 STOP
 STOP NORMAL END
 STOP
 STOP NORMAL END
 STOP
 STOP NORMAL END
 STOP
 STOP NORMAL END
 STOP
 STOP NORMAL END
 STOP
 STOP NORMAL END
 STOP
 STOP NORMAL END
 STOP
 STOP NORMAL END
 STOP
 STOP NORMAL END
 STOP
 STOP NORMAL END
 STOP
 STOP NORMAL END
 STOP
 STOP NORMAL END
 STOP
 STOP NORMAL END
 STOP
 STOP NORMAL END
 STOP
 STOP NORMAL END
 STOP
 STOP NORMAL END
 STOP
 STOP NORMAL END
 STOP
 STOP NORMAL END
 STOP
 STOP NORMAL END
 STOP
 STOP NORMAL END
 STOP
 STOP NORMAL END
 STOP
 STOP NORMAL END
 STOP
 STOP NORMAL END
 STOP
 STOP NORMAL END
 STOP
 STOP NORMAL END
 STOP
 STOP NORMAL END
 STOP
 STOP NORMAL END
 STOP
 STOP NORMAL END
 STOP
 STOP NORMAL END
 STOP
 STOP NORMAL END
 STOP
Run-time seconds 1975
| 1464077 | e3n_bb | 3 | standard | 256(x3) | 120(x3) | block:block | -O3 -hfp3 -Oipa5 | 1975 | ok |
xthi
Node summary for    3 nodes:
Node    0, hostname nid004852, mpi 120, omp   1, executable xthi
Node    1, hostname nid004853, mpi 120, omp   1, executable xthi
Node    2, hostname nid004896, mpi 120, omp   1, executable xthi
MPI summary: 360 ranks 
Node    0, rank    0, thread   0, (affinity =    0) 
Node    0, rank    1, thread   0, (affinity =    1) 
Node    0, rank    2, thread   0, (affinity =    2) 
Node    0, rank    3, thread   0, (affinity =    3) 
Node    0, rank    4, thread   0, (affinity =    4) 
Node    0, rank    5, thread   0, (affinity =    5) 
Node    0, rank    6, thread   0, (affinity =    6) 
Node    0, rank    7, thread   0, (affinity =    7) 
Node    0, rank    8, thread   0, (affinity =    8) 
Node    0, rank    9, thread   0, (affinity =    9) 
Node    0, rank   10, thread   0, (affinity =   10) 
Node    0, rank   11, thread   0, (affinity =   11) 
Node    0, rank   12, thread   0, (affinity =   12) 
Node    0, rank   13, thread   0, (affinity =   13) 
Node    0, rank   14, thread   0, (affinity =   14) 
Node    0, rank   15, thread   0, (affinity =   15) 
Node    0, rank   16, thread   0, (affinity =   16) 
Node    0, rank   17, thread   0, (affinity =   17) 
Node    0, rank   18, thread   0, (affinity =   18) 
Node    0, rank   19, thread   0, (affinity =   19) 
Node    0, rank   20, thread   0, (affinity =   20) 
Node    0, rank   21, thread   0, (affinity =   21) 
Node    0, rank   22, thread   0, (affinity =   22) 
Node    0, rank   23, thread   0, (affinity =   23) 
Node    0, rank   24, thread   0, (affinity =   24) 
Node    0, rank   25, thread   0, (affinity =   25) 
Node    0, rank   26, thread   0, (affinity =   26) 
Node    0, rank   27, thread   0, (affinity =   27) 
Node    0, rank   28, thread   0, (affinity =   28) 
Node    0, rank   29, thread   0, (affinity =   29) 
Node    0, rank   30, thread   0, (affinity =   30) 
Node    0, rank   31, thread   0, (affinity =   31) 
Node    0, rank   32, thread   0, (affinity =   32) 
Node    0, rank   33, thread   0, (affinity =   33) 
Node    0, rank   34, thread   0, (affinity =   34) 
Node    0, rank   35, thread   0, (affinity =   35) 
Node    0, rank   36, thread   0, (affinity =   36) 
Node    0, rank   37, thread   0, (affinity =   37) 
Node    0, rank   38, thread   0, (affinity =   38) 
Node    0, rank   39, thread   0, (affinity =   39) 
Node    0, rank   40, thread   0, (affinity =   40) 
Node    0, rank   41, thread   0, (affinity =   41) 
Node    0, rank   42, thread   0, (affinity =   42) 
Node    0, rank   43, thread   0, (affinity =   43) 
Node    0, rank   44, thread   0, (affinity =   44) 
Node    0, rank   45, thread   0, (affinity =   45) 
Node    0, rank   46, thread   0, (affinity =   46) 
Node    0, rank   47, thread   0, (affinity =   47) 
Node    0, rank   48, thread   0, (affinity =   48) 
Node    0, rank   49, thread   0, (affinity =   49) 
Node    0, rank   50, thread   0, (affinity =   50) 
Node    0, rank   51, thread   0, (affinity =   51) 
Node    0, rank   52, thread   0, (affinity =   52) 
Node    0, rank   53, thread   0, (affinity =   53) 
Node    0, rank   54, thread   0, (affinity =   54) 
Node    0, rank   55, thread   0, (affinity =   55) 
Node    0, rank   56, thread   0, (affinity =   56) 
Node    0, rank   57, thread   0, (affinity =   57) 
Node    0, rank   58, thread   0, (affinity =   58) 
Node    0, rank   59, thread   0, (affinity =   59) 
Node    0, rank   60, thread   0, (affinity =   60) 
Node    0, rank   61, thread   0, (affinity =   61) 
Node    0, rank   62, thread   0, (affinity =   62) 
Node    0, rank   63, thread   0, (affinity =   63) 
Node    0, rank   64, thread   0, (affinity =   64) 
Node    0, rank   65, thread   0, (affinity =   65) 
Node    0, rank   66, thread   0, (affinity =   66) 
Node    0, rank   67, thread   0, (affinity =   67) 
Node    0, rank   68, thread   0, (affinity =   68) 
Node    0, rank   69, thread   0, (affinity =   69) 
Node    0, rank   70, thread   0, (affinity =   70) 
Node    0, rank   71, thread   0, (affinity =   71) 
Node    0, rank   72, thread   0, (affinity =   72) 
Node    0, rank   73, thread   0, (affinity =   73) 
Node    0, rank   74, thread   0, (affinity =   74) 
Node    0, rank   75, thread   0, (affinity =   75) 
Node    0, rank   76, thread   0, (affinity =   76) 
Node    0, rank   77, thread   0, (affinity =   77) 
Node    0, rank   78, thread   0, (affinity =   78) 
Node    0, rank   79, thread   0, (affinity =   79) 
Node    0, rank   80, thread   0, (affinity =   80) 
Node    0, rank   81, thread   0, (affinity =   81) 
Node    0, rank   82, thread   0, (affinity =   82) 
Node    0, rank   83, thread   0, (affinity =   83) 
Node    0, rank   84, thread   0, (affinity =   84) 
Node    0, rank   85, thread   0, (affinity =   85) 
Node    0, rank   86, thread   0, (affinity =   86) 
Node    0, rank   87, thread   0, (affinity =   87) 
Node    0, rank   88, thread   0, (affinity =   88) 
Node    0, rank   89, thread   0, (affinity =   89) 
Node    0, rank   90, thread   0, (affinity =   90) 
Node    0, rank   91, thread   0, (affinity =   91) 
Node    0, rank   92, thread   0, (affinity =   92) 
Node    0, rank   93, thread   0, (affinity =   93) 
Node    0, rank   94, thread   0, (affinity =   94) 
Node    0, rank   95, thread   0, (affinity =   95) 
Node    0, rank   96, thread   0, (affinity =   96) 
Node    0, rank   97, thread   0, (affinity =   97) 
Node    0, rank   98, thread   0, (affinity =   98) 
Node    0, rank   99, thread   0, (affinity =   99) 
Node    0, rank  100, thread   0, (affinity =  100) 
Node    0, rank  101, thread   0, (affinity =  101) 
Node    0, rank  102, thread   0, (affinity =  102) 
Node    0, rank  103, thread   0, (affinity =  103) 
Node    0, rank  104, thread   0, (affinity =  104) 
Node    0, rank  105, thread   0, (affinity =  105) 
Node    0, rank  106, thread   0, (affinity =  106) 
Node    0, rank  107, thread   0, (affinity =  107) 
Node    0, rank  108, thread   0, (affinity =  108) 
Node    0, rank  109, thread   0, (affinity =  109) 
Node    0, rank  110, thread   0, (affinity =  110) 
Node    0, rank  111, thread   0, (affinity =  111) 
Node    0, rank  112, thread   0, (affinity =  112) 
Node    0, rank  113, thread   0, (affinity =  113) 
Node    0, rank  114, thread   0, (affinity =  114) 
Node    0, rank  115, thread   0, (affinity =  115) 
Node    0, rank  116, thread   0, (affinity =  116) 
Node    0, rank  117, thread   0, (affinity =  117) 
Node    0, rank  118, thread   0, (affinity =  118) 
Node    0, rank  119, thread   0, (affinity =  119) 
Node    1, rank  120, thread   0, (affinity =    0) 
Node    1, rank  121, thread   0, (affinity =    1) 
Node    1, rank  122, thread   0, (affinity =    2) 
Node    1, rank  123, thread   0, (affinity =    3) 
Node    1, rank  124, thread   0, (affinity =    4) 
Node    1, rank  125, thread   0, (affinity =    5) 
Node    1, rank  126, thread   0, (affinity =    6) 
Node    1, rank  127, thread   0, (affinity =    7) 
Node    1, rank  128, thread   0, (affinity =    8) 
Node    1, rank  129, thread   0, (affinity =    9) 
Node    1, rank  130, thread   0, (affinity =   10) 
Node    1, rank  131, thread   0, (affinity =   11) 
Node    1, rank  132, thread   0, (affinity =   12) 
Node    1, rank  133, thread   0, (affinity =   13) 
Node    1, rank  134, thread   0, (affinity =   14) 
Node    1, rank  135, thread   0, (affinity =   15) 
Node    1, rank  136, thread   0, (affinity =   16) 
Node    1, rank  137, thread   0, (affinity =   17) 
Node    1, rank  138, thread   0, (affinity =   18) 
Node    1, rank  139, thread   0, (affinity =   19) 
Node    1, rank  140, thread   0, (affinity =   20) 
Node    1, rank  141, thread   0, (affinity =   21) 
Node    1, rank  142, thread   0, (affinity =   22) 
Node    1, rank  143, thread   0, (affinity =   23) 
Node    1, rank  144, thread   0, (affinity =   24) 
Node    1, rank  145, thread   0, (affinity =   25) 
Node    1, rank  146, thread   0, (affinity =   26) 
Node    1, rank  147, thread   0, (affinity =   27) 
Node    1, rank  148, thread   0, (affinity =   28) 
Node    1, rank  149, thread   0, (affinity =   29) 
Node    1, rank  150, thread   0, (affinity =   30) 
Node    1, rank  151, thread   0, (affinity =   31) 
Node    1, rank  152, thread   0, (affinity =   32) 
Node    1, rank  153, thread   0, (affinity =   33) 
Node    1, rank  154, thread   0, (affinity =   34) 
Node    1, rank  155, thread   0, (affinity =   35) 
Node    1, rank  156, thread   0, (affinity =   36) 
Node    1, rank  157, thread   0, (affinity =   37) 
Node    1, rank  158, thread   0, (affinity =   38) 
Node    1, rank  159, thread   0, (affinity =   39) 
Node    1, rank  160, thread   0, (affinity =   40) 
Node    1, rank  161, thread   0, (affinity =   41) 
Node    1, rank  162, thread   0, (affinity =   42) 
Node    1, rank  163, thread   0, (affinity =   43) 
Node    1, rank  164, thread   0, (affinity =   44) 
Node    1, rank  165, thread   0, (affinity =   45) 
Node    1, rank  166, thread   0, (affinity =   46) 
Node    1, rank  167, thread   0, (affinity =   47) 
Node    1, rank  168, thread   0, (affinity =   48) 
Node    1, rank  169, thread   0, (affinity =   49) 
Node    1, rank  170, thread   0, (affinity =   50) 
Node    1, rank  171, thread   0, (affinity =   51) 
Node    1, rank  172, thread   0, (affinity =   52) 
Node    1, rank  173, thread   0, (affinity =   53) 
Node    1, rank  174, thread   0, (affinity =   54) 
Node    1, rank  175, thread   0, (affinity =   55) 
Node    1, rank  176, thread   0, (affinity =   56) 
Node    1, rank  177, thread   0, (affinity =   57) 
Node    1, rank  178, thread   0, (affinity =   58) 
Node    1, rank  179, thread   0, (affinity =   59) 
Node    1, rank  180, thread   0, (affinity =   60) 
Node    1, rank  181, thread   0, (affinity =   61) 
Node    1, rank  182, thread   0, (affinity =   62) 
Node    1, rank  183, thread   0, (affinity =   63) 
Node    1, rank  184, thread   0, (affinity =   64) 
Node    1, rank  185, thread   0, (affinity =   65) 
Node    1, rank  186, thread   0, (affinity =   66) 
Node    1, rank  187, thread   0, (affinity =   67) 
Node    1, rank  188, thread   0, (affinity =   68) 
Node    1, rank  189, thread   0, (affinity =   69) 
Node    1, rank  190, thread   0, (affinity =   70) 
Node    1, rank  191, thread   0, (affinity =   71) 
Node    1, rank  192, thread   0, (affinity =   72) 
Node    1, rank  193, thread   0, (affinity =   73) 
Node    1, rank  194, thread   0, (affinity =   74) 
Node    1, rank  195, thread   0, (affinity =   75) 
Node    1, rank  196, thread   0, (affinity =   76) 
Node    1, rank  197, thread   0, (affinity =   77) 
Node    1, rank  198, thread   0, (affinity =   78) 
Node    1, rank  199, thread   0, (affinity =   79) 
Node    1, rank  200, thread   0, (affinity =   80) 
Node    1, rank  201, thread   0, (affinity =   81) 
Node    1, rank  202, thread   0, (affinity =   82) 
Node    1, rank  203, thread   0, (affinity =   83) 
Node    1, rank  204, thread   0, (affinity =   84) 
Node    1, rank  205, thread   0, (affinity =   85) 
Node    1, rank  206, thread   0, (affinity =   86) 
Node    1, rank  207, thread   0, (affinity =   87) 
Node    1, rank  208, thread   0, (affinity =   88) 
Node    1, rank  209, thread   0, (affinity =   89) 
Node    1, rank  210, thread   0, (affinity =   90) 
Node    1, rank  211, thread   0, (affinity =   91) 
Node    1, rank  212, thread   0, (affinity =   92) 
Node    1, rank  213, thread   0, (affinity =   93) 
Node    1, rank  214, thread   0, (affinity =   94) 
Node    1, rank  215, thread   0, (affinity =   95) 
Node    1, rank  216, thread   0, (affinity =   96) 
Node    1, rank  217, thread   0, (affinity =   97) 
Node    1, rank  218, thread   0, (affinity =   98) 
Node    1, rank  219, thread   0, (affinity =   99) 
Node    1, rank  220, thread   0, (affinity =  100) 
Node    1, rank  221, thread   0, (affinity =  101) 
Node    1, rank  222, thread   0, (affinity =  102) 
Node    1, rank  223, thread   0, (affinity =  103) 
Node    1, rank  224, thread   0, (affinity =  104) 
Node    1, rank  225, thread   0, (affinity =  105) 
Node    1, rank  226, thread   0, (affinity =  106) 
Node    1, rank  227, thread   0, (affinity =  107) 
Node    1, rank  228, thread   0, (affinity =  108) 
Node    1, rank  229, thread   0, (affinity =  109) 
Node    1, rank  230, thread   0, (affinity =  110) 
Node    1, rank  231, thread   0, (affinity =  111) 
Node    1, rank  232, thread   0, (affinity =  112) 
Node    1, rank  233, thread   0, (affinity =  113) 
Node    1, rank  234, thread   0, (affinity =  114) 
Node    1, rank  235, thread   0, (affinity =  115) 
Node    1, rank  236, thread   0, (affinity =  116) 
Node    1, rank  237, thread   0, (affinity =  117) 
Node    1, rank  238, thread   0, (affinity =  118) 
Node    1, rank  239, thread   0, (affinity =  119) 
Node    2, rank  240, thread   0, (affinity =    0) 
Node    2, rank  241, thread   0, (affinity =    1) 
Node    2, rank  242, thread   0, (affinity =    2) 
Node    2, rank  243, thread   0, (affinity =    3) 
Node    2, rank  244, thread   0, (affinity =    4) 
Node    2, rank  245, thread   0, (affinity =    5) 
Node    2, rank  246, thread   0, (affinity =    6) 
Node    2, rank  247, thread   0, (affinity =    7) 
Node    2, rank  248, thread   0, (affinity =    8) 
Node    2, rank  249, thread   0, (affinity =    9) 
Node    2, rank  250, thread   0, (affinity =   10) 
Node    2, rank  251, thread   0, (affinity =   11) 
Node    2, rank  252, thread   0, (affinity =   12) 
Node    2, rank  253, thread   0, (affinity =   13) 
Node    2, rank  254, thread   0, (affinity =   14) 
Node    2, rank  255, thread   0, (affinity =   15) 
Node    2, rank  256, thread   0, (affinity =   16) 
Node    2, rank  257, thread   0, (affinity =   17) 
Node    2, rank  258, thread   0, (affinity =   18) 
Node    2, rank  259, thread   0, (affinity =   19) 
Node    2, rank  260, thread   0, (affinity =   20) 
Node    2, rank  261, thread   0, (affinity =   21) 
Node    2, rank  262, thread   0, (affinity =   22) 
Node    2, rank  263, thread   0, (affinity =   23) 
Node    2, rank  264, thread   0, (affinity =   24) 
Node    2, rank  265, thread   0, (affinity =   25) 
Node    2, rank  266, thread   0, (affinity =   26) 
Node    2, rank  267, thread   0, (affinity =   27) 
Node    2, rank  268, thread   0, (affinity =   28) 
Node    2, rank  269, thread   0, (affinity =   29) 
Node    2, rank  270, thread   0, (affinity =   30) 
Node    2, rank  271, thread   0, (affinity =   31) 
Node    2, rank  272, thread   0, (affinity =   32) 
Node    2, rank  273, thread   0, (affinity =   33) 
Node    2, rank  274, thread   0, (affinity =   34) 
Node    2, rank  275, thread   0, (affinity =   35) 
Node    2, rank  276, thread   0, (affinity =   36) 
Node    2, rank  277, thread   0, (affinity =   37) 
Node    2, rank  278, thread   0, (affinity =   38) 
Node    2, rank  279, thread   0, (affinity =   39) 
Node    2, rank  280, thread   0, (affinity =   40) 
Node    2, rank  281, thread   0, (affinity =   41) 
Node    2, rank  282, thread   0, (affinity =   42) 
Node    2, rank  283, thread   0, (affinity =   43) 
Node    2, rank  284, thread   0, (affinity =   44) 
Node    2, rank  285, thread   0, (affinity =   45) 
Node    2, rank  286, thread   0, (affinity =   46) 
Node    2, rank  287, thread   0, (affinity =   47) 
Node    2, rank  288, thread   0, (affinity =   48) 
Node    2, rank  289, thread   0, (affinity =   49) 
Node    2, rank  290, thread   0, (affinity =   50) 
Node    2, rank  291, thread   0, (affinity =   51) 
Node    2, rank  292, thread   0, (affinity =   52) 
Node    2, rank  293, thread   0, (affinity =   53) 
Node    2, rank  294, thread   0, (affinity =   54) 
Node    2, rank  295, thread   0, (affinity =   55) 
Node    2, rank  296, thread   0, (affinity =   56) 
Node    2, rank  297, thread   0, (affinity =   57) 
Node    2, rank  298, thread   0, (affinity =   58) 
Node    2, rank  299, thread   0, (affinity =   59) 
Node    2, rank  300, thread   0, (affinity =   60) 
Node    2, rank  301, thread   0, (affinity =   61) 
Node    2, rank  302, thread   0, (affinity =   62) 
Node    2, rank  303, thread   0, (affinity =   63) 
Node    2, rank  304, thread   0, (affinity =   64) 
Node    2, rank  305, thread   0, (affinity =   65) 
Node    2, rank  306, thread   0, (affinity =   66) 
Node    2, rank  307, thread   0, (affinity =   67) 
Node    2, rank  308, thread   0, (affinity =   68) 
Node    2, rank  309, thread   0, (affinity =   69) 
Node    2, rank  310, thread   0, (affinity =   70) 
Node    2, rank  311, thread   0, (affinity =   71) 
Node    2, rank  312, thread   0, (affinity =   72) 
Node    2, rank  313, thread   0, (affinity =   73) 
Node    2, rank  314, thread   0, (affinity =   74) 
Node    2, rank  315, thread   0, (affinity =   75) 
Node    2, rank  316, thread   0, (affinity =   76) 
Node    2, rank  317, thread   0, (affinity =   77) 
Node    2, rank  318, thread   0, (affinity =   78) 
Node    2, rank  319, thread   0, (affinity =   79) 
Node    2, rank  320, thread   0, (affinity =   80) 
Node    2, rank  321, thread   0, (affinity =   81) 
Node    2, rank  322, thread   0, (affinity =   82) 
Node    2, rank  323, thread   0, (affinity =   83) 
Node    2, rank  324, thread   0, (affinity =   84) 
Node    2, rank  325, thread   0, (affinity =   85) 
Node    2, rank  326, thread   0, (affinity =   86) 
Node    2, rank  327, thread   0, (affinity =   87) 
Node    2, rank  328, thread   0, (affinity =   88) 
Node    2, rank  329, thread   0, (affinity =   89) 
Node    2, rank  330, thread   0, (affinity =   90) 
Node    2, rank  331, thread   0, (affinity =   91) 
Node    2, rank  332, thread   0, (affinity =   92) 
Node    2, rank  333, thread   0, (affinity =   93) 
Node    2, rank  334, thread   0, (affinity =   94) 
Node    2, rank  335, thread   0, (affinity =   95) 
Node    2, rank  336, thread   0, (affinity =   96) 
Node    2, rank  337, thread   0, (affinity =   97) 
Node    2, rank  338, thread   0, (affinity =   98) 
Node    2, rank  339, thread   0, (affinity =   99) 
Node    2, rank  340, thread   0, (affinity =  100) 
Node    2, rank  341, thread   0, (affinity =  101) 
Node    2, rank  342, thread   0, (affinity =  102) 
Node    2, rank  343, thread   0, (affinity =  103) 
Node    2, rank  344, thread   0, (affinity =  104) 
Node    2, rank  345, thread   0, (affinity =  105) 
Node    2, rank  346, thread   0, (affinity =  106) 
Node    2, rank  347, thread   0, (affinity =  107) 
Node    2, rank  348, thread   0, (affinity =  108) 
Node    2, rank  349, thread   0, (affinity =  109) 
Node    2, rank  350, thread   0, (affinity =  110) 
Node    2, rank  351, thread   0, (affinity =  111) 
Node    2, rank  352, thread   0, (affinity =  112) 
Node    2, rank  353, thread   0, (affinity =  113) 
Node    2, rank  354, thread   0, (affinity =  114) 
Node    2, rank  355, thread   0, (affinity =  115) 
Node    2, rank  356, thread   0, (affinity =  116) 
Node    2, rank  357, thread   0, (affinity =  117) 
Node    2, rank  358, thread   0, (affinity =  118) 
Node    2, rank  359, thread   0, (affinity =  119) 
