Get compiler version using: ftn -V
/opt/cray/pe/craype/2.7.6/bin/ftn
Cray Fortran : Version 11.0.4  Mon Apr 25, 2022  11:38:53
<-- compiler version ----

running: look_for_makedepend()
 --> set MAKEDEPEND=$(TOOLSDIR)/xmakedepend

running: check_HAVE_CLOC()
 running: get_fortran_c_namemangling()
 cc -h pic -dynamic -c genmake_test.c
clang-11: warning: argument unused during compilation: '-h pic' [-Wunused-command-line-argument]
genmake_test.c:1:31: warning: implicit declaration of function 'tsub' is invalid in C99 [-Wimplicit-function-declaration]
void tcall( char * string ) { tsub( string ); }
                              ^
1 warning generated.
 ftn -em -ef -dynamic -h pic -c genmake_tcomp.f
 --> set FC_NAMEMANGLE='#define FC_NAMEMANGLE(X)  X ## _'
cc -h pic -dynamic -c genmake_tc_1.c
clang-11: warning: argument unused during compilation: '-h pic' [-Wunused-command-line-argument]
ftn -em -ef -dynamic -h pic -o genmake_tc genmake_tc_2.f genmake_tc_1.o
  HELLO WORLD 1650883134.842876
 --> set HAVE_CLOC='t'

running: check_HAVE_SETRLSTK()
cc -h pic -dynamic -c genmake_tc_1.c
clang-11: warning: argument unused during compilation: '-h pic' [-Wunused-command-line-argument]
      program hello
      external setrlstk
      call setrlstk()
      end
ftn -em -ef -dynamic -h pic -o genmake_tc genmake_tc_2.f genmake_tc_1.o
 --> set HAVE_SETRLSTK='t'

running: check_HAVE_SIGREG()
cc -h pic -dynamic -c genmake_tc_1.c
clang-11: warning: argument unused during compilation: '-h pic' [-Wunused-command-line-argument]
genmake_tc_1.c:11:44: warning: declaration of 'struct ucontext' will not be visible outside of this function [-Wvisibility]
    unsigned int sn, siginfo_t  si, struct ucontext *sc )
                                           ^
1 warning generated.
      program hello
      integer anint
      common /iv/ anint
      external sigreg
      call sigreg(anint)
      end
ftn -em -ef -dynamic -h pic -o genmake_tc genmake_tc_2.f genmake_tc_1.o
 --> set HAVE_SIGREG='t'

running: check_HAVE_STAT()
cc -h pic -dynamic -c genmake_tc_1.c
      program hello
      integer nbyte
      call tfsize(nbyte)
      print *," HELLO WORLD", nbyte
      end
ftn -em -ef -dynamic -h pic -o genmake_tc genmake_tc_2.f genmake_tc_1.o
 --> set HAVE_STAT='t'

running: check_netcdf_libs()
===  genmake_tnc.F  >>>
      program fgennc
#include "netcdf.inc"
      integer iret, ncid, xid
      iret = nf_create('genmake_tnc.nc', NF_CLOBBER, ncid)
      IF (iret .NE. NF_NOERR) write(*,*) NF_STRERROR(iret)
      iret = nf_def_dim(ncid, 'X', 11, xid)
      IF (iret .NE. NF_NOERR) write(*,*) NF_STRERROR(iret)
      iret = nf_close(ncid)
      IF (iret .NE. NF_NOERR) write(*,*) NF_STRERROR(iret)
      end
<<<  genmake_tnc.F  ===
cat genmake_tnc.F |  cpp -traditional -P -DWORDLENGTH=4 -D_BYTESWAPIO -DHAVE_LAPACK -DNML_TERMINATOR -DALLOW_USE_MPI -DHAVE_SYSTEM -DHAVE_FDATE -DHAVE_CLOC -DHAVE_SETRLSTK -DHAVE_SIGREG -DHAVE_STAT -I${NETCDF_DIR}/include -I${CRAY_MPICH_DIR}/include
ftn  -em -ef -dynamic  -h pic -O3 -hfp3 -Oipa5 -c genmake_tnc.f  \ 
  &&  ftn  -em -ef -dynamic  -h pic -O3 -hfp3 -Oipa5 -o genmake_tnc.o -L${NETCDF_DIR}/lib -L${CRAY_MPICH_DIR}/include/lib
check_netcdf: successful
 --> set HAVE_NETCDF='t'

running: check_lapack_libs()
===  genmake_tla.F  >>>
      program fgenla
      integer info
      integer ipiv( 2 )
      double precision ab( 4, 2 ), b( 2 )
      data ab / 0., 0., 1., 2., 0., 2., 1., 0. /
      data b / 1., 1. /
      call dgbsv( 2, 1, 1, 1, ab, 4, ipiv, b, 2, info )
      IF (info .NE. 0) write(*,*) 'Error:', info
      write(*,*) b
      end
<<<  genmake_tla.F  ===
cat genmake_tla.F |  cpp -traditional -P -DWORDLENGTH=4 -D_BYTESWAPIO -DHAVE_LAPACK -DNML_TERMINATOR -DALLOW_USE_MPI -DHAVE_SYSTEM -DHAVE_FDATE -DHAVE_CLOC -DHAVE_SETRLSTK -DHAVE_SIGREG -DHAVE_STAT -DHAVE_NETCDF -I${NETCDF_DIR}/include -I${CRAY_MPICH_DIR}/include
ftn  -em -ef -dynamic  -h pic -O3 -hfp3 -Oipa5 -c genmake_tla.f  \ 
  &&  ftn  -em -ef -dynamic  -h pic -O3 -hfp3 -Oipa5 -o genmake_tla.o -L${NETCDF_DIR}/lib -L${CRAY_MPICH_DIR}/include/lib
check_lapack: successful
 --> set HAVE_LAPACK='t'

running: check_HAVE_FLUSH()
  check_HAVE_FLUSH: successful
 --> set HAVE_FLUSH='t'
